<?xml version="1.0" encoding="UTF-8"?>
<testsuite name="org.inventory.inventory.phasea.PlayerLoadoutCoreTest" tests="3" skipped="0" failures="0" errors="0" timestamp="2026-03-21T20:28:34" hostname="DESKTOP-2PJLBQN" time="0.016">
  <properties/>
  <testcase name="legsAreIndependentStorageProviderWithOwnDynamicRange()" classname="org.inventory.inventory.phasea.PlayerLoadoutCoreTest" time="0.013"/>
  <testcase name="canonicalSlotMappingKeepsVanillaAndCustomRangesStable()" classname="org.inventory.inventory.phasea.PlayerLoadoutCoreTest" time="0.001"/>
  <testcase name="canonicalIndicesDoNotOverlapVanillaRange()" classname="org.inventory.inventory.phasea.PlayerLoadoutCoreTest" time="0.0"/>
  <system-out><![CDATA[]]></system-out>
  <system-err><![CDATA[]]></system-err>
</testsuite>
