<?xml version="1.0" encoding="UTF-8"?>
<testsuite name="org.inventory.inventory.phasec.ProtectionProfileRegistryTest" tests="1" skipped="0" failures="0" errors="0" timestamp="2026-04-25T10:41:39" hostname="DESKTOP-2PJLBQN" time="0.001">
  <properties/>
  <testcase name="higherPriorityProfileWinsAndArmorValuesDifferPerItem()" classname="org.inventory.inventory.phasec.ProtectionProfileRegistryTest" time="0.001"/>
  <system-out><![CDATA[]]></system-out>
  <system-err><![CDATA[]]></system-err>
</testsuite>
