<?xml version="1.0" encoding="UTF-8"?>
<testsuite name="org.inventory.inventory.phaseb.LoadoutSyncSchedulerTest" tests="10" skipped="0" failures="0" errors="0" timestamp="2026-04-25T10:41:38" hostname="DESKTOP-2PJLBQN" time="0.389">
  <properties/>
  <testcase name="cancelSync_nonExistentPlayer_noException()" classname="org.inventory.inventory.phaseb.LoadoutSyncSchedulerTest" time="0.383"/>
  <testcase name="scheduleSync_samePlayerTwice_onlyOnePendingEntry()" classname="org.inventory.inventory.phaseb.LoadoutSyncSchedulerTest" time="0.001"/>
  <testcase name="scheduleAfterCancel_reAddsEntry()" classname="org.inventory.inventory.phaseb.LoadoutSyncSchedulerTest" time="0.001"/>
  <testcase name="debounce_firstScheduleTimestampPreserved_secondCallIsNoop()" classname="org.inventory.inventory.phaseb.LoadoutSyncSchedulerTest" time="0.001"/>
  <testcase name="scheduleSync_differentPlayers_eachHasSeparateEntry()" classname="org.inventory.inventory.phaseb.LoadoutSyncSchedulerTest" time="0.0"/>
  <testcase name="cancelSync_onlyAffectsSpecifiedPlayer()" classname="org.inventory.inventory.phaseb.LoadoutSyncSchedulerTest" time="0.0"/>
  <testcase name="scheduleSync_addsPendingEntry()" classname="org.inventory.inventory.phaseb.LoadoutSyncSchedulerTest" time="0.0"/>
  <testcase name="cancelSync_removesEntry()" classname="org.inventory.inventory.phaseb.LoadoutSyncSchedulerTest" time="0.0"/>
  <testcase name="initiallyNoPendingSyncs()" classname="org.inventory.inventory.phaseb.LoadoutSyncSchedulerTest" time="0.0"/>
  <testcase name="clearAllPending_removesEverything()" classname="org.inventory.inventory.phaseb.LoadoutSyncSchedulerTest" time="0.0"/>
  <system-out><![CDATA[2026-04-25 15:41:38,837 Test worker WARN Advanced terminal features are not available in this environment
]]></system-out>
  <system-err><![CDATA[]]></system-err>
</testsuite>
