<?xml version="1.0" encoding="UTF-8"?>
<testsuite name="org.inventory.inventory.phasec.ProtectionProfileRegistryTest" tests="1" skipped="0" failures="0" errors="0" timestamp="2026-03-21T20:28:35" hostname="DESKTOP-2PJLBQN" time="0.002">
  <properties/>
  <testcase name="higherPriorityProfileWinsAndArmorValuesDifferPerItem()" classname="org.inventory.inventory.phasec.ProtectionProfileRegistryTest" time="0.002"/>
  <system-out><![CDATA[]]></system-out>
  <system-err><![CDATA[]]></system-err>
</testsuite>
